<?xml version="1.0" encoding="UTF-8"?>
<testng-results ignored="0" total="7" passed="6" failed="1" skipped="0">
  <reporter-output>
  </reporter-output>
  <suite started-at="2024-05-14T15:36:34 IST" name="Default suite" finished-at="2024-05-14T15:37:49 IST" duration-ms="75223">
    <groups>
    </groups>
    <test started-at="2024-05-14T15:36:34 IST" name="Default test" finished-at="2024-05-14T15:37:49 IST" duration-ms="75223">
      <class name="Mainclass.Loginpagemainpage">
        <test-method is-config="true" signature="baseclass()[pri:0, instance:Mainclass.Loginpagemainpage@2eae8e6e]" started-at="2024-05-14T15:36:34 IST" name="baseclass" finished-at="2024-05-14T15:36:37 IST" duration-ms="3300" status="PASS">
          <reporter-output>
          </reporter-output>
        </test-method> <!-- baseclass -->
        <test-method is-config="true" signature="baseMethod()[pri:0, instance:Mainclass.Loginpagemainpage@2eae8e6e]" started-at="2024-05-14T15:36:37 IST" name="baseMethod" finished-at="2024-05-14T15:36:39 IST" depends-on-methods="baseclass()" duration-ms="2227" status="PASS">
          <reporter-output>
          </reporter-output>
        </test-method> <!-- baseMethod -->
        <test-method signature="Bannerup()[pri:1, instance:Mainclass.Loginpagemainpage@2eae8e6e]" started-at="2024-05-14T15:36:39 IST" name="Bannerup" finished-at="2024-05-14T15:36:40 IST" duration-ms="57" status="FAIL">
          <exception class="org.openqa.selenium.NoSuchElementException">
            <message>
              <![CDATA[no such element: Unable to locate element: {"method":"xpath","selector":"(//button[@type='button'])[1]"}
  (Session info: chrome=124.0.6367.201)
For documentation on this error, please visit: https://www.seleniumhq.org/exceptions/no_such_element.html
Build info: version: '3.141.59', revision: 'e82be7d358', time: '2018-11-14T08:25:53'
System info: host: 'BLRSFLT143', ip: '192.168.10.143', os.name: 'Windows 10', os.arch: 'amd64', os.version: '10.0', java.version: '17.0.10'
Driver info: org.openqa.selenium.chrome.ChromeDriver
Capabilities {acceptInsecureCerts: false, browserName: chrome, browserVersion: 124.0.6367.201, chrome: {chromedriverVersion: 124.0.6367.78 (a087f2dd364d..., userDataDir: C:\Users\MADHU~1.SON\AppDat...}, fedcm:accounts: true, goog:chromeOptions: {debuggerAddress: localhost:62100}, javascriptEnabled: true, networkConnectionEnabled: false, pageLoadStrategy: normal, platform: WINDOWS, platformName: WINDOWS, proxy: Proxy(), setWindowRect: true, strictFileInteractability: false, timeouts: {implicit: 0, pageLoad: 300000, script: 30000}, unhandledPromptBehavior: dismiss and notify, webauthn:extension:credBlob: true, webauthn:extension:largeBlob: true, webauthn:extension:minPinLength: true, webauthn:extension:prf: true, webauthn:virtualAuthenticators: true}
Session ID: b5f606fbd7e8f9d8b43e8f0ab6e67b33
*** Element info: {Using=xpath, value=(//button[@type='button'])[1]}]]>
            </message>
            <full-stacktrace>
              <![CDATA[org.openqa.selenium.NoSuchElementException: no such element: Unable to locate element: {"method":"xpath","selector":"(//button[@type='button'])[1]"}
  (Session info: chrome=124.0.6367.201)
For documentation on this error, please visit: https://www.seleniumhq.org/exceptions/no_such_element.html
Build info: version: '3.141.59', revision: 'e82be7d358', time: '2018-11-14T08:25:53'
System info: host: 'BLRSFLT143', ip: '192.168.10.143', os.name: 'Windows 10', os.arch: 'amd64', os.version: '10.0', java.version: '17.0.10'
Driver info: org.openqa.selenium.chrome.ChromeDriver
Capabilities {acceptInsecureCerts: false, browserName: chrome, browserVersion: 124.0.6367.201, chrome: {chromedriverVersion: 124.0.6367.78 (a087f2dd364d..., userDataDir: C:\Users\MADHU~1.SON\AppDat...}, fedcm:accounts: true, goog:chromeOptions: {debuggerAddress: localhost:62100}, javascriptEnabled: true, networkConnectionEnabled: false, pageLoadStrategy: normal, platform: WINDOWS, platformName: WINDOWS, proxy: Proxy(), setWindowRect: true, strictFileInteractability: false, timeouts: {implicit: 0, pageLoad: 300000, script: 30000}, unhandledPromptBehavior: dismiss and notify, webauthn:extension:credBlob: true, webauthn:extension:largeBlob: true, webauthn:extension:minPinLength: true, webauthn:extension:prf: true, webauthn:virtualAuthenticators: true}
Session ID: b5f606fbd7e8f9d8b43e8f0ab6e67b33
*** Element info: {Using=xpath, value=(//button[@type='button'])[1]}
at java.base/jdk.internal.reflect.NativeConstructorAccessorImpl.newInstance0(Native Method)
at java.base/jdk.internal.reflect.NativeConstructorAccessorImpl.newInstance(NativeConstructorAccessorImpl.java:77)
at java.base/jdk.internal.reflect.DelegatingConstructorAccessorImpl.newInstance(DelegatingConstructorAccessorImpl.java:45)
at java.base/java.lang.reflect.Constructor.newInstanceWithCaller(Constructor.java:499)
at java.base/java.lang.reflect.Constructor.newInstance(Constructor.java:480)
at org.openqa.selenium.remote.http.W3CHttpResponseCodec.createException(W3CHttpResponseCodec.java:187)
at org.openqa.selenium.remote.http.W3CHttpResponseCodec.decode(W3CHttpResponseCodec.java:122)
at org.openqa.selenium.remote.http.W3CHttpResponseCodec.decode(W3CHttpResponseCodec.java:49)
at org.openqa.selenium.remote.HttpCommandExecutor.execute(HttpCommandExecutor.java:158)
at org.openqa.selenium.remote.service.DriverCommandExecutor.execute(DriverCommandExecutor.java:83)
at org.openqa.selenium.remote.RemoteWebDriver.execute(RemoteWebDriver.java:552)
at org.openqa.selenium.remote.RemoteWebDriver.findElement(RemoteWebDriver.java:323)
at org.openqa.selenium.remote.RemoteWebDriver.findElementByXPath(RemoteWebDriver.java:428)
at org.openqa.selenium.By$ByXPath.findElement(By.java:353)
at org.openqa.selenium.remote.RemoteWebDriver.findElement(RemoteWebDriver.java:315)
at Mainclass.Loginpagemainpage.Bannerup(Loginpagemainpage.java:64)
at java.base/jdk.internal.reflect.NativeMethodAccessorImpl.invoke0(Native Method)
at java.base/jdk.internal.reflect.NativeMethodAccessorImpl.invoke(NativeMethodAccessorImpl.java:77)
at java.base/jdk.internal.reflect.DelegatingMethodAccessorImpl.invoke(DelegatingMethodAccessorImpl.java:43)
at java.base/java.lang.reflect.Method.invoke(Method.java:568)
at org.testng.internal.MethodInvocationHelper.invokeMethod(MethodInvocationHelper.java:133)
at org.testng.internal.TestInvoker.invokeMethod(TestInvoker.java:598)
at org.testng.internal.TestInvoker.invokeTestMethod(TestInvoker.java:173)
at org.testng.internal.MethodRunner.runInSequence(MethodRunner.java:46)
at org.testng.internal.TestInvoker$MethodInvocationAgent.invoke(TestInvoker.java:824)
at org.testng.internal.TestInvoker.invokeTestMethods(TestInvoker.java:146)
at org.testng.internal.TestMethodWorker.invokeTestMethods(TestMethodWorker.java:146)
at org.testng.internal.TestMethodWorker.run(TestMethodWorker.java:128)
at java.base/java.util.ArrayList.forEach(ArrayList.java:1511)
at org.testng.TestRunner.privateRun(TestRunner.java:794)
at org.testng.TestRunner.run(TestRunner.java:596)
at org.testng.SuiteRunner.runTest(SuiteRunner.java:377)
at org.testng.SuiteRunner.runSequentially(SuiteRunner.java:371)
at org.testng.SuiteRunner.privateRun(SuiteRunner.java:332)
at org.testng.SuiteRunner.run(SuiteRunner.java:276)
at org.testng.SuiteRunnerWorker.runSuite(SuiteRunnerWorker.java:53)
at org.testng.SuiteRunnerWorker.run(SuiteRunnerWorker.java:96)
at org.testng.TestNG.runSuitesSequentially(TestNG.java:1212)
at org.testng.TestNG.runSuitesLocally(TestNG.java:1134)
at org.testng.TestNG.runSuites(TestNG.java:1063)
at org.testng.TestNG.run(TestNG.java:1031)
at org.testng.remote.AbstractRemoteTestNG.run(AbstractRemoteTestNG.java:115)
at org.testng.remote.RemoteTestNG.initAndRun(RemoteTestNG.java:293)
at org.testng.remote.RemoteTestNG.main(RemoteTestNG.java:91)
]]>
            </full-stacktrace>
          </exception> <!-- org.openqa.selenium.NoSuchElementException -->
          <reporter-output>
          </reporter-output>
        </test-method> <!-- Bannerup -->
        <test-method signature="Loginpage()[pri:2, instance:Mainclass.Loginpagemainpage@2eae8e6e]" started-at="2024-05-14T15:36:40 IST" name="Loginpage" finished-at="2024-05-14T15:36:49 IST" duration-ms="9125" status="PASS">
          <reporter-output>
          </reporter-output>
        </test-method> <!-- Loginpage -->
        <test-method signature="addCustomrVoicee()[pri:3, instance:Mainclass.Loginpagemainpage@2eae8e6e]" started-at="2024-05-14T15:36:49 IST" name="addCustomrVoicee" finished-at="2024-05-14T15:37:00 IST" duration-ms="11381" status="PASS">
          <reporter-output>
          </reporter-output>
        </test-method> <!-- addCustomrVoicee -->
        <test-method signature="addCustomerLevel()[pri:4, instance:Mainclass.Loginpagemainpage@2eae8e6e]" started-at="2024-05-14T15:37:00 IST" name="addCustomerLevel" finished-at="2024-05-14T15:37:05 IST" duration-ms="4437" status="PASS">
          <reporter-output>
          </reporter-output>
        </test-method> <!-- addCustomerLevel -->
        <test-method signature="addCustomerVoiceLevel()[pri:5, instance:Mainclass.Loginpagemainpage@2eae8e6e]" started-at="2024-05-14T15:37:05 IST" name="addCustomerVoiceLevel" finished-at="2024-05-14T15:37:17 IST" duration-ms="12652" status="PASS">
          <reporter-output>
          </reporter-output>
        </test-method> <!-- addCustomerVoiceLevel -->
        <test-method signature="product_Improvementpage()[pri:6, instance:Mainclass.Loginpagemainpage@2eae8e6e]" started-at="2024-05-14T15:37:17 IST" name="product_Improvementpage" finished-at="2024-05-14T15:37:28 IST" duration-ms="10437" status="PASS">
          <reporter-output>
          </reporter-output>
        </test-method> <!-- product_Improvementpage -->
        <test-method signature="sparePartCatalogue()[pri:7, instance:Mainclass.Loginpagemainpage@2eae8e6e]" started-at="2024-05-14T15:37:28 IST" name="sparePartCatalogue" finished-at="2024-05-14T15:37:49 IST" duration-ms="21558" status="PASS">
          <reporter-output>
          </reporter-output>
        </test-method> <!-- sparePartCatalogue -->
        <test-method is-config="true" signature="afterMethod()[pri:0, instance:Mainclass.Loginpagemainpage@2eae8e6e]" started-at="2024-05-14T15:37:49 IST" name="afterMethod" finished-at="2024-05-14T15:37:49 IST" duration-ms="0" status="PASS">
          <reporter-output>
          </reporter-output>
        </test-method> <!-- afterMethod -->
        <test-method is-config="true" signature="afterTest()[pri:0, instance:Mainclass.Loginpagemainpage@2eae8e6e]" started-at="2024-05-14T15:37:49 IST" name="afterTest" finished-at="2024-05-14T15:37:49 IST" duration-ms="1" status="PASS">
          <reporter-output>
          </reporter-output>
        </test-method> <!-- afterTest -->
        <test-method is-config="true" signature="afterClass()[pri:0, instance:Mainclass.Loginpagemainpage@2eae8e6e]" started-at="2024-05-14T15:37:49 IST" name="afterClass" finished-at="2024-05-14T15:37:49 IST" depends-on-methods="afterMethod()" duration-ms="0" status="PASS">
          <reporter-output>
          </reporter-output>
        </test-method> <!-- afterClass -->
        <test-method is-config="true" signature="afterSuite()[pri:0, instance:Mainclass.Loginpagemainpage@2eae8e6e]" started-at="2024-05-14T15:37:49 IST" name="afterSuite" finished-at="2024-05-14T15:37:49 IST" duration-ms="0" status="PASS">
          <reporter-output>
          </reporter-output>
        </test-method> <!-- afterSuite -->
      </class> <!-- Mainclass.Loginpagemainpage -->
    </test> <!-- Default test -->
  </suite> <!-- Default suite -->
</testng-results>
